2022-02-23 23:07:27,730  INFO [main] Broadband:77 - Address Found!  ------>Congratulations! You can get NBN™ FTTB at your address!
2022-02-23 23:07:29,792  INFO [main] Broadband:100 - Current month and year :February 2022
2022-02-23 23:07:34,750  INFO [main] Broadband:115 - Select Month and year :November 2022
2022-02-23 23:07:35,117  INFO [main] Broadband:129 - Selected Date :15/11/2022
2022-02-23 23:07:35,228  INFO [main] Broadband:171 - Special-Note VISIBLE
2022-02-23 23:07:35,793  INFO [main] Broadband:187 - validateNextButton-->PASSED!!-->Next Button Clicked
2022-02-23 23:07:47,299  INFO [main] Broadband:333 - Special Offer Bar is displayed!! (s)
2022-02-23 23:07:47,301  INFO [main] Broadband:337 - -----Below are the list of Special Offer Bar points-----
2022-02-23 23:07:47,551  INFO [main] Broadband:342 - SPECIAL OFFER
Special Offer Information 1
Special Offer Information 2
Special Offer Information 3
Special Offer Information 4
2022-02-23 23:07:47,553  INFO [main] Broadband:344 - --------------------------------
2022-02-23 23:07:47,946  INFO [main] Broadband:353 - LOGO of provider is visible (s)
2022-02-23 23:07:48,833  INFO [main] Broadband:363 - Name of plan is (s) : --> Test Plan
2022-02-23 23:07:49,333  INFO [main] Broadband:373 - Contract of plan is (s) :--->Month to Month Contract | NBN Connection
2022-02-23 23:07:49,676  INFO [main] Broadband:382 - View plan Link Displayed (s)
2022-02-23 23:07:55,415  INFO [main] Broadband:392 - Mail Sent (s)
2022-02-23 23:07:56,052  INFO [main] Broadband:411 - KeyFact Link Displayed (s)
2022-02-23 23:07:56,355  INFO [main] Broadband:420 - Plan inclusion section is displayed!! (s)
2022-02-23 23:07:56,356  INFO [main] Broadband:424 - -----Below are the list of plan Inclussion points-----
2022-02-23 23:07:56,542  INFO [main] Broadband:429 - Plan Inclusion 1
Plan Inclusion 2
Plan Inclusion 3
Plan Inclusion 4
2022-02-23 23:07:56,543  INFO [main] Broadband:431 - --------------------------------
2022-02-23 23:07:57,018  INFO [main] Broadband:441 - Cost of this plan is  (s):$1.10/M
2022-02-23 23:07:57,446  INFO [main] Broadband:452 - Typical Evening Speed of plan is (s):1/Mbps
2022-02-23 23:07:57,784  INFO [main] Broadband:473 - Preview cost of this Plan is (s): $6.00
2022-02-23 23:07:58,262  INFO [main] Broadband:608 - Plan Applied !! (s)
2022-02-23 23:08:03,182  INFO [main] Broadband:106 - Name of Home Calling Plan is ->Home Connection 6
2022-02-23 23:08:03,641  INFO [main] Broadband:108 - Home calling Modem Selected!!
2022-02-23 23:08:03,642  INFO [main] Broadband:112 - -----Below are the list of home calling features points-----
2022-02-23 23:08:03,803  INFO [main] Broadband:117 - Call plan Inclusions 
2022-02-23 23:08:03,804  INFO [main] Broadband:119 - --------------------------------
2022-02-23 23:08:03,936  INFO [main] Broadband:121 - Cost for home Calling Plan modem is :$6 month


2022-02-23 23:08:04,302  INFO [main] Broadband:140 - Name of Modem is ->Dodo Modem
2022-02-23 23:08:04,695  INFO [main] Broadband:142 - Modem Selected!!
2022-02-23 23:08:04,696  INFO [main] Broadband:146 - -----Below are the list of Modem features points-----
2022-02-23 23:08:04,850  INFO [main] Broadband:151 - For your internet service, you may need a nbn™ connection box, (plus a nbn™ outdoor antenna for Fixed Wireless services) and a compatible modem. Modem may be refurbished. 
2022-02-23 23:08:04,851  INFO [main] Broadband:153 - --------------------------------
2022-02-23 23:08:04,961  INFO [main] Broadband:155 - Cost for modem is :$0.00 upfront


2022-02-23 23:08:05,245  INFO [main] Broadband:176 - Name of Other AddOn is ->Fetch Mighty
2022-02-23 23:08:05,579  INFO [main] Broadband:178 - Other Addon Selected!!
2022-02-23 23:08:05,580  INFO [main] Broadband:182 - -----Below are the list of Other AddOn features points-----
2022-02-23 23:08:05,723  INFO [main] Broadband:187 - When size matters, the Fetch Mighty is bigger than the rest. With a 1TB hard drive, you can record up to 585 hours of TV, neatly organised by series and episode, as well as everything you get from the Mini. Requires 15+ Mbps broadband, 4K content and a 4K TV
2022-02-23 23:08:05,725  INFO [main] Broadband:189 - --------------------------------
2022-02-23 23:08:05,852  INFO [main] Broadband:191 - Cost for modem is :$10.00 month


2022-02-23 23:08:06,343  INFO [main] Broadband:212 - Identification Button Clicked !!
2022-02-23 23:08:12,616  INFO [main] Broadband:295 - Name of User is :
2022-02-23 23:08:13,266  INFO [main] Broadband:298 - Email of User is :
2022-02-23 23:08:13,388  INFO [main] Broadband:300 - User Phone Number is :
2022-02-23 23:08:36,462 ERROR [main] Broadband:333 - 
Connection Details section is Not their or Missing !!
2022-02-23 23:09:56,596 ERROR [main] Broadband:401 - 
Identification Details section is Not their or Missing !!
2022-02-23 23:10:17,113 ERROR [main] Broadband:435 - 
Employment Details section is Not their or  Missing !!
2022-02-23 23:10:21,598  INFO [main] Broadband:205 - User existing Address is: Unit 30 50 Walker St, RHODES NSW, 2138
