#
# There is insufficient memory for the Java Runtime Environment to continue.
# Native memory allocation (mmap) failed to map 134217728 bytes for Failed to commit area from 0x0000000081200000 to 0x0000000089200000 of length 134217728.
# Possible reasons:
#   The system is out of physical RAM or swap space
#   The process is running with CompressedOops enabled, and the Java Heap may be blocking the growth of the native heap
# Possible solutions:
#   Reduce memory load on the system
#   Increase physical memory or swap space
#   Check if swap backing store is full
#   Decrease Java heap size (-Xmx/-Xms)
#   Decrease number of Java threads
#   Decrease Java thread stack sizes (-Xss)
#   Set larger code cache with -XX:ReservedCodeCacheSize=
# This output file may be truncated or incomplete.
#
#  Out of Memory Error (./open/src/hotspot/os/windows/os_windows.cpp:3273), pid=12916, tid=2192
#
# JRE version:  (11.0.11+9) (build )
# Java VM: Java HotSpot(TM) 64-Bit Server VM (11.0.11+9-LTS-194, mixed mode, sharing, tiered, compressed oops, g1 gc, windows-amd64)
# No core dump will be written. Minidumps are not enabled by default on client versions of Windows
#

---------------  S U M M A R Y ------------

Command Line: -ea -Dfile.encoding=Cp1252 org.testng.remote.RemoteTestNG -serport 59426 -protocol json -d C:\Users\paramdeep\git\eyenus_BroadBand\eyenus\test-output C:\Users\PARAMD~1\AppData\Local\Temp\testng-eclipse-1154593968\testng-customsuite.xml

Host: Intel(R) Core(TM) i3-5005U CPU @ 2.00GHz, 4 cores, 7G,  Windows 10 , 64 bit Build 19041 (10.0.19041.1151)
Time: Sun Sep 12 00:48:29 2021 India Standard Time elapsed time: 0.033021 seconds (0d 0h 0m 0s)

---------------  T H R E A D  ---------------

Current thread (0x000001c965c57800):  JavaThread "Unknown thread" [_thread_in_vm, id=2192, stack(0x00000068cb000000,0x00000068cb100000)]

Stack: [0x00000068cb000000,0x00000068cb100000]
Native frames: (J=compiled Java code, j=interpreted, Vv=VM code, C=native code)
V  [jvm.dll+0x616f2a]
V  [jvm.dll+0x74de7f]
V  [jvm.dll+0x74f505]
V  [jvm.dll+0x74fb83]
V  [jvm.dll+0x2436d8]
V  [jvm.dll+0x61431a]
V  [jvm.dll+0x6090f5]
V  [jvm.dll+0x2f7eec]
V  [jvm.dll+0x2f7d72]
V  [jvm.dll+0x2fca26]
V  [jvm.dll+0x33efef]
V  [jvm.dll+0x33ea20]
V  [jvm.dll+0x2d5608]
V  [jvm.dll+0x2d6766]
V  [jvm.dll+0x7299e7]
V  [jvm.dll+0x72b28f]
V  [jvm.dll+0x34bd39]
V  [jvm.dll+0x70f360]
V  [jvm.dll+0x3b50df]
V  [jvm.dll+0x3b71e1]
C  [jli.dll+0x520b]
C  [ucrtbase.dll+0x21bb2]
C  [KERNEL32.DLL+0x17034]
C  [ntdll.dll+0x52651]


---------------  P R O C E S S  ---------------

Threads class SMR info:
_java_thread_list=0x000001c964393870, length=0, elements={
}

Java Threads: ( => current thread )

Other Threads:
  0x000001c965c6f800 GCTaskThread "GC Thread#0" [stack: 0x00000068cb100000,0x00000068cb200000] [id=10196]
  0x000001c965ca0800 ConcurrentGCThread "G1 Main Marker" [stack: 0x00000068cb200000,0x00000068cb300000] [id=13748]
  0x000001c965ca3000 ConcurrentGCThread "G1 Conc#0" [stack: 0x00000068cb300000,0x00000068cb400000] [id=15800]

[error occurred during error reporting (printing all threads), id 0xc0000005, EXCEPTION_ACCESS_VIOLATION (0xc0000005) at pc=0x00007ffb10104857]

VM state:not at safepoint (not fully initialized)

VM Mutex/Monitor currently owned by a thread:  ([mutex/lock_event])
[0x000001c965c54d70] Heap_lock - owner thread: 0x000001c965c57800

Heap address: 0x0000000081200000, size: 2030 MB, Compressed Oops mode: Non-zero based: 0x0000000081200000
Narrow klass base: 0x0000000000000000, Narrow klass shift: 0

GC Heap History (0 events):
No events

Deoptimization events (0 events):
No events

Classes redefined (0 events):
No events

Internal exceptions (0 events):
No events

Events (0 events):
No events


Dynamic libraries:
0x00007ff77e8f0000 - 0x00007ff77e8ff000 	C:\Program Files\Java\jdk-11.0.11\bin\javaw.exe
0x00007ffb4a590000 - 0x00007ffb4a785000 	C:\WINDOWS\SYSTEM32\ntdll.dll
0x00007ffb48650000 - 0x00007ffb4870d000 	C:\WINDOWS\System32\KERNEL32.DLL
0x00007ffb481f0000 - 0x00007ffb484b9000 	C:\WINDOWS\System32\KERNELBASE.dll
0x00007ffb48550000 - 0x00007ffb48650000 	C:\WINDOWS\System32\ucrtbase.dll
0x00007ffb38110000 - 0x00007ffb38128000 	C:\Program Files\Java\jdk-11.0.11\bin\jli.dll
0x00007ffb37ff0000 - 0x00007ffb38005000 	C:\Program Files\Java\jdk-11.0.11\bin\VCRUNTIME140.dll
0x00007ffb4a2d0000 - 0x00007ffb4a37c000 	C:\WINDOWS\System32\ADVAPI32.dll
0x00007ffb49eb0000 - 0x00007ffb49f4e000 	C:\WINDOWS\System32\msvcrt.dll
0x00007ffb48f00000 - 0x00007ffb48f9b000 	C:\WINDOWS\System32\sechost.dll
0x00007ffb49f50000 - 0x00007ffb4a07a000 	C:\WINDOWS\System32\RPCRT4.dll
0x00007ffb4a130000 - 0x00007ffb4a2d0000 	C:\WINDOWS\System32\USER32.dll
0x00007ffb484c0000 - 0x00007ffb484e2000 	C:\WINDOWS\System32\win32u.dll
0x00007ffb48fa0000 - 0x00007ffb48fca000 	C:\WINDOWS\System32\GDI32.dll
0x00007ffb47e20000 - 0x00007ffb47f2b000 	C:\WINDOWS\System32\gdi32full.dll
0x00007ffb48150000 - 0x00007ffb481ed000 	C:\WINDOWS\System32\msvcp_win.dll
0x00007ffb31480000 - 0x00007ffb3171a000 	C:\WINDOWS\WinSxS\amd64_microsoft.windows.common-controls_6595b64144ccf1df_6.0.19041.1110_none_60b5254171f9507e\COMCTL32.dll
0x00007ffb40cf0000 - 0x00007ffb40cfa000 	C:\WINDOWS\SYSTEM32\VERSION.dll
0x00007ffb48bf0000 - 0x00007ffb48c20000 	C:\WINDOWS\System32\IMM32.DLL
0x00007ffb2eea0000 - 0x00007ffb2ef3b000 	C:\Program Files\Java\jdk-11.0.11\bin\msvcp140.dll
0x00007ffb0fe20000 - 0x00007ffb1091e000 	C:\Program Files\Java\jdk-11.0.11\bin\server\jvm.dll
0x00007ffb48fd0000 - 0x00007ffb48fd8000 	C:\WINDOWS\System32\PSAPI.DLL
0x00007ffb306e0000 - 0x00007ffb30707000 	C:\WINDOWS\SYSTEM32\WINMM.dll
0x00007ffb34740000 - 0x00007ffb34749000 	C:\WINDOWS\SYSTEM32\WSOCK32.dll
0x00007ffb49e40000 - 0x00007ffb49eab000 	C:\WINDOWS\System32\WS2_32.dll
0x00007ffb45bf0000 - 0x00007ffb45c02000 	C:\WINDOWS\SYSTEM32\kernel.appcore.dll
0x00007ffb43760000 - 0x00007ffb43770000 	C:\Program Files\Java\jdk-11.0.11\bin\verify.dll
0x00007ffb33220000 - 0x00007ffb33404000 	C:\WINDOWS\SYSTEM32\DBGHELP.DLL
0x00007ffb331f0000 - 0x00007ffb3321c000 	C:\WINDOWS\SYSTEM32\dbgcore.DLL
0x00007ffb47f30000 - 0x00007ffb47fb3000 	C:\WINDOWS\System32\bcryptPrimitives.dll
0x00007ffb37fa0000 - 0x00007ffb37fc8000 	C:\Program Files\Java\jdk-11.0.11\bin\java.dll
0x00007ffb382a0000 - 0x00007ffb382aa000 	C:\Program Files\Java\jdk-11.0.11\bin\jimage.dll
0x00007ffb37f80000 - 0x00007ffb37f96000 	C:\Program Files\Java\jdk-11.0.11\bin\zip.dll

dbghelp: loaded successfully - version: 4.0.5 - missing functions: none
symbol engine: initialized successfully - sym options: 0x614 - pdb path: .;C:\Program Files\Java\jdk-11.0.11\bin;C:\WINDOWS\SYSTEM32;C:\WINDOWS\WinSxS\amd64_microsoft.windows.common-controls_6595b64144ccf1df_6.0.19041.1110_none_60b5254171f9507e;C:\Program Files\Java\jdk-11.0.11\bin\server

VM Arguments:
jvm_args: -ea -Dfile.encoding=Cp1252 
java_command: org.testng.remote.RemoteTestNG -serport 59426 -protocol json -d C:\Users\paramdeep\git\eyenus_BroadBand\eyenus\test-output C:\Users\PARAMD~1\AppData\Local\Temp\testng-eclipse-1154593968\testng-customsuite.xml
java_class_path (initial): C:\Users\paramdeep\eclipse\java-2021-03\eclipse\configuration\org.eclipse.osgi\442\0\.cp\lib\testng-remote.jar;C:\Users\paramdeep\git\eyenus_BroadBand\eyenus\target\test-classes;C:\Users\paramdeep\git\eyenus_BroadBand\eyenus\target\classes;C:\Users\paramdeep\.m2\repository\junit\junit\3.8.1\junit-3.8.1.jar;C:\Users\paramdeep\.m2\repository\org\seleniumhq\selenium\selenium-java\3.141.59\selenium-java-3.141.59.jar;C:\Users\paramdeep\.m2\repository\org\seleniumhq\selenium\selenium-api\3.141.59\selenium-api-3.141.59.jar;C:\Users\paramdeep\.m2\repository\org\seleniumhq\selenium\selenium-chrome-driver\3.141.59\selenium-chrome-driver-3.141.59.jar;C:\Users\paramdeep\.m2\repository\org\seleniumhq\selenium\selenium-edge-driver\3.141.59\selenium-edge-driver-3.141.59.jar;C:\Users\paramdeep\.m2\repository\org\seleniumhq\selenium\selenium-firefox-driver\3.141.59\selenium-firefox-driver-3.141.59.jar;C:\Users\paramdeep\.m2\repository\org\seleniumhq\selenium\selenium-ie-driver\3.141.59\selenium-ie-driver-3.141.59.jar;C:\Users\paramdeep\.m2\repository\org\seleniumhq\selenium\selenium-opera-driver\3.141.59\selenium-opera-driver-3.141.59.jar;C:\Users\paramdeep\.m2\repository\org\seleniumhq\selenium\selenium-remote-driver\3.141.59\selenium-remote-driver-3.141.59.jar;C:\Users\paramdeep\.m2\repository\org\seleniumhq\selenium\selenium-safari-driver\3.141.59\selenium-safari-driver-3.141.59.jar;C:\Users\paramdeep\.m2\repository\org\seleniumhq\selenium\selenium-support\3.141.59\selenium-support-3.141.59.jar;C:\Users\paramdeep\.m2\repository\net\bytebuddy\byte-buddy\1.8.15\byte-buddy-1.8.15.jar;C:\Users\paramdeep\.m2\repository\org\apache\commons\commons-exec\1.3\commons-exec-1.3.jar;C:\Users\paramdeep\.m2\repository\com\google\guava\guava\25.0-jre\guava-25.0-jre.jar;C:\Users\paramdeep\.m2\repository\com\google\code\findbugs\jsr305\1.3.9\jsr305-1.3.9.jar;C:\Users\paramdeep\.m2\repository\org\checkerframework\checker-compat-qual\2.0.0\checker-compat-qual-2.0.0.jar;C
Launcher Type: SUN_STANDARD

[Global flags]
     intx CICompilerCount                          = 3                                         {product} {ergonomic}
     uint ConcGCThreads                            = 1                                         {product} {ergonomic}
     uint G1ConcRefinementThreads                  = 4                                         {product} {ergonomic}
   size_t G1HeapRegionSize                         = 1048576                                   {product} {ergonomic}
    uintx GCDrainStackTargetSize                   = 64                                        {product} {ergonomic}
   size_t InitialHeapSize                          = 134217728                                 {product} {ergonomic}
   size_t MarkStackSize                            = 4194304                                   {product} {ergonomic}
   size_t MaxHeapSize                              = 2128609280                                {product} {ergonomic}
   size_t MinHeapDeltaBytes                        = 1048576                                   {product} {ergonomic}
    uintx NonNMethodCodeHeapSize                   = 5830732                                {pd product} {ergonomic}
    uintx NonProfiledCodeHeapSize                  = 122913754                              {pd product} {ergonomic}
    uintx ProfiledCodeHeapSize                     = 122913754                              {pd product} {ergonomic}
    uintx ReservedCodeCacheSize                    = 251658240                              {pd product} {ergonomic}
     bool SegmentedCodeCache                       = true                                      {product} {ergonomic}
     bool UseCompressedClassPointers               = true                                 {lp64_product} {ergonomic}
     bool UseCompressedOops                        = true                                 {lp64_product} {ergonomic}
     bool UseG1GC                                  = true                                      {product} {ergonomic}
     bool UseLargePagesIndividualAllocation        = false                                  {pd product} {ergonomic}

Logging:
Log output configuration:
 #0: stdout all=warning uptime,level,tags
 #1: stderr all=off uptime,level,tags

Environment Variables:
JAVA_HOME=C:\Program Files\Java\jdk-11.0.11
PATH=C:\WINDOWS\system32;C:\WINDOWS;C:\WINDOWS\System32\Wbem;C:\WINDOWS\System32\WindowsPowerShell\v1.0\;C:\WINDOWS\System32\OpenSSH\;C:\Program Files\Git\cmd;C:\Program Files\Java\jdk-11.0.11\bin;C:\Users\paramdeep\AppData\Local\Microsoft\WindowsApps;
USERNAME=paramdeep
OS=Windows_NT
PROCESSOR_IDENTIFIER=Intel64 Family 6 Model 61 Stepping 4, GenuineIntel



---------------  S Y S T E M  ---------------

OS: Windows 10 , 64 bit Build 19041 (10.0.19041.1151)

CPU:total 4 (initial active 4) (2 cores per cpu, 2 threads per core) family 6 model 61 stepping 4 microcode 0x2f, cmov, cx8, fxsr, mmx, sse, sse2, sse3, ssse3, sse4.1, sse4.2, popcnt, avx, avx2, aes, clmul, erms, 3dnowpref, lzcnt, ht, tsc, tscinvbit, bmi1, bmi2, adx, fma

Memory: 4k page, system-wide physical 8112M (2724M free)
TotalPageFile size 32688M (AvailPageFile size 111M)
current process WorkingSet (physical memory assigned to process): 9M, peak: 9M
current process commit charge ("private bytes"): 51M, peak: 179M

vm_info: Java HotSpot(TM) 64-Bit Server VM (11.0.11+9-LTS-194) for windows-amd64 JRE (11.0.11+9-LTS-194), built on Mar 18 2021 18:46:53 by "mach5one" with MS VC++ 15.9 (VS2017)

END.
