#
# There is insufficient memory for the Java Runtime Environment to continue.
# Native memory allocation (malloc) failed to allocate 301616 bytes for Chunk::new
# Possible reasons:
#   The system is out of physical RAM or swap space
#   The process is running with CompressedOops enabled, and the Java Heap may be blocking the growth of the native heap
# Possible solutions:
#   Reduce memory load on the system
#   Increase physical memory or swap space
#   Check if swap backing store is full
#   Decrease Java heap size (-Xmx/-Xms)
#   Decrease number of Java threads
#   Decrease Java thread stack sizes (-Xss)
#   Set larger code cache with -XX:ReservedCodeCacheSize=
#   JVM is running with Unscaled Compressed Oops mode in which the Java heap is
#     placed in the first 4GB address space. The Java Heap base address is the
#     maximum limit for the native heap growth. Please use -XX:HeapBaseMinAddress
#     to set the Java Heap base and to place the Java Heap above 4GB virtual address.
# This output file may be truncated or incomplete.
#
#  Out of Memory Error (./open/src/hotspot/share/memory/arena.cpp:197), pid=17380, tid=15864
#
# JRE version: Java(TM) SE Runtime Environment 18.9 (11.0.11+9) (build 11.0.11+9-LTS-194)
# Java VM: Java HotSpot(TM) 64-Bit Server VM 18.9 (11.0.11+9-LTS-194, mixed mode, tiered, compressed oops, g1 gc, windows-amd64)
# No core dump will be written. Minidumps are not enabled by default on client versions of Windows
#

---------------  S U M M A R Y ------------

Command Line: -ea -Dfile.encoding=Cp1252 org.testng.remote.RemoteTestNG -serport 49704 -protocol json -d C:\Users\paramdeep\git\eyenus_BroadBand\eyenus\test-output C:\Users\PARAMD~1\AppData\Local\Temp\testng-eclipse--1768025868\testng-customsuite.xml

Host: Intel(R) Core(TM) i3-5005U CPU @ 2.00GHz, 4 cores, 7G,  Windows 10 , 64 bit Build 19041 (10.0.19041.1348)
Time: Thu Dec 16 19:54:12 2021 India Standard Time elapsed time: 2.978276 seconds (0d 0h 0m 2s)

---------------  T H R E A D  ---------------

Current thread (0x0000013e68a9b800):  JavaThread "C2 CompilerThread1" daemon [_thread_in_native, id=15864, stack(0x00000033beb00000,0x00000033bec00000)]


Current CompileTask:
C2:   2978  939 %     4       sun.security.util.AbstractAlgorithmConstraints::checkAlgorithm @ 98 (140 bytes)

Stack: [0x00000033beb00000,0x00000033bec00000]
Native frames: (J=compiled Java code, j=interpreted, Vv=VM code, C=native code)
V  [jvm.dll+0x616f2a]
V  [jvm.dll+0x74de7f]
V  [jvm.dll+0x74f505]
V  [jvm.dll+0x74fb83]
V  [jvm.dll+0x2436d8]
V  [jvm.dll+0xba68c]
V  [jvm.dll+0xbad8c]
V  [jvm.dll+0x2b3ee4]
V  [jvm.dll+0x52c0f6]
V  [jvm.dll+0x20506d]
V  [jvm.dll+0x1ff0aa]
V  [jvm.dll+0x1fc10f]
V  [jvm.dll+0x17f0bc]
V  [jvm.dll+0x20b68c]
V  [jvm.dll+0x20978b]
V  [jvm.dll+0x7152c9]
V  [jvm.dll+0x70dfc4]
V  [jvm.dll+0x6160f6]
C  [ucrtbase.dll+0x21bb2]
C  [KERNEL32.DLL+0x17034]
C  [ntdll.dll+0x52651]


---------------  P R O C E S S  ---------------

Threads class SMR info:
_java_thread_list=0x0000013e68cf4d60, length=12, elements={
0x0000013e476da000, 0x0000013e67b60800, 0x0000013e67b5b000, 0x0000013e67b69000,
0x0000013e67b6a800, 0x0000013e67b73800, 0x0000013e67b7c000, 0x0000013e67b86000,
0x0000013e6864c800, 0x0000013e6864d000, 0x0000013e68b30800, 0x0000013e68a9b800
}

Java Threads: ( => current thread )
  0x0000013e476da000 JavaThread "main" [_thread_blocked, id=1888, stack(0x00000033bd700000,0x00000033bd800000)]
  0x0000013e67b60800 JavaThread "Reference Handler" daemon [_thread_blocked, id=15460, stack(0x00000033bde00000,0x00000033bdf00000)]
  0x0000013e67b5b000 JavaThread "Finalizer" daemon [_thread_blocked, id=15400, stack(0x00000033bdf00000,0x00000033be000000)]
  0x0000013e67b69000 JavaThread "Signal Dispatcher" daemon [_thread_blocked, id=15600, stack(0x00000033be100000,0x00000033be200000)]
  0x0000013e67b6a800 JavaThread "Attach Listener" daemon [_thread_blocked, id=1784, stack(0x00000033be200000,0x00000033be300000)]
  0x0000013e67b73800 JavaThread "C2 CompilerThread0" daemon [_thread_blocked, id=4968, stack(0x00000033be300000,0x00000033be400000)]
  0x0000013e67b7c000 JavaThread "C1 CompilerThread0" daemon [_thread_blocked, id=12328, stack(0x00000033be400000,0x00000033be500000)]
  0x0000013e67b86000 JavaThread "Sweeper thread" daemon [_thread_blocked, id=15912, stack(0x00000033be500000,0x00000033be600000)]
  0x0000013e6864c800 JavaThread "Service Thread" daemon [_thread_blocked, id=16016, stack(0x00000033be600000,0x00000033be700000)]
  0x0000013e6864d000 JavaThread "Common-Cleaner" daemon [_thread_blocked, id=16616, stack(0x00000033be800000,0x00000033be900000)]
  0x0000013e68b30800 JavaThread "ReaderThread" [_thread_in_native, id=8700, stack(0x00000033bea00000,0x00000033beb00000)]
=>0x0000013e68a9b800 JavaThread "C2 CompilerThread1" daemon [_thread_in_native, id=15864, stack(0x00000033beb00000,0x00000033bec00000)]

Other Threads:
  0x0000013e67b2e000 VMThread "VM Thread" [stack: 0x00000033bdd00000,0x00000033bde00000] [id=684]
  0x0000013e68650800 WatcherThread [stack: 0x00000033be700000,0x00000033be800000] [id=14432]
  0x0000013e476f1000 GCTaskThread "GC Thread#0" [stack: 0x00000033bd800000,0x00000033bd900000] [id=8392]
  0x0000013e47720800 ConcurrentGCThread "G1 Main Marker" [stack: 0x00000033bd900000,0x00000033bda00000] [id=12432]
  0x0000013e47727000 ConcurrentGCThread "G1 Conc#0" [stack: 0x00000033bda00000,0x00000033bdb00000] [id=10420]
  0x0000013e477b3000 ConcurrentGCThread "G1 Refine#0" [stack: 0x00000033bdb00000,0x00000033bdc00000] [id=12916]
  0x0000013e477b5000 ConcurrentGCThread "G1 Young RemSet Sampling" [stack: 0x00000033bdc00000,0x00000033bdd00000] [id=15724]

Threads with active compile tasks:
C2 CompilerThread1   3058  939 %     4       sun.security.util.AbstractAlgorithmConstraints::checkAlgorithm @ 98 (140 bytes)

VM state:at safepoint (normal execution)

VM Mutex/Monitor currently owned by a thread:  ([mutex/lock_event])
[0x0000013e476d4e50] Threads_lock - owner thread: 0x0000013e67b2e000
[0x0000013e476d5090] Heap_lock - owner thread: 0x0000013e476da000

Heap address: 0x0000000081200000, size: 2030 MB, Compressed Oops mode: 32-bit
Narrow klass base: 0x0000000000000000, Narrow klass shift: 3
Compressed class space size: 1073741824 Address: 0x0000000100000000

Heap:
 garbage-first heap   total 131072K, used 2941K [0x0000000081200000, 0x0000000100000000)
  region size 1024K, 2 young (2048K), 2 survivors (2048K)
 Metaspace       used 12031K, capacity 12258K, committed 12416K, reserved 1069056K
  class space    used 1206K, capacity 1302K, committed 1408K, reserved 1048576K
Heap Regions: E=young(eden), S=young(survivor), O=old, HS=humongous(starts), HC=humongous(continues), CS=collection set, F=free, A=archive, TAMS=top-at-mark-start (previous, next)
|   0|0x0000000081200000, 0x00000000812df600, 0x0000000081300000| 87%| O|  |TAMS 0x0000000081200000, 0x00000000812df600| Untracked 
|   1|0x0000000081300000, 0x0000000081300000, 0x0000000081400000|  0%| F|  |TAMS 0x0000000081300000, 0x0000000081300000| Untracked 
|   2|0x0000000081400000, 0x0000000081400000, 0x0000000081500000|  0%| F|  |TAMS 0x0000000081400000, 0x0000000081400000| Untracked 
|   3|0x0000000081500000, 0x0000000081500000, 0x0000000081600000|  0%| F|  |TAMS 0x0000000081500000, 0x0000000081500000| Untracked 
|   4|0x0000000081600000, 0x0000000081600000, 0x0000000081700000|  0%| F|  |TAMS 0x0000000081600000, 0x0000000081600000| Untracked 
|   5|0x0000000081700000, 0x0000000081700000, 0x0000000081800000|  0%| F|  |TAMS 0x0000000081700000, 0x0000000081700000| Untracked 
|   6|0x0000000081800000, 0x0000000081800000, 0x0000000081900000|  0%| F|  |TAMS 0x0000000081800000, 0x0000000081800000| Untracked 
|   7|0x0000000081900000, 0x0000000081900000, 0x0000000081a00000|  0%| F|  |TAMS 0x0000000081900000, 0x0000000081900000| Untracked 
|   8|0x0000000081a00000, 0x0000000081a00000, 0x0000000081b00000|  0%| F|  |TAMS 0x0000000081a00000, 0x0000000081a00000| Untracked 
|   9|0x0000000081b00000, 0x0000000081b00000, 0x0000000081c00000|  0%| F|  |TAMS 0x0000000081b00000, 0x0000000081b00000| Untracked 
|  10|0x0000000081c00000, 0x0000000081c00000, 0x0000000081d00000|  0%| F|  |TAMS 0x0000000081c00000, 0x0000000081c00000| Untracked 
|  11|0x0000000081d00000, 0x0000000081d00000, 0x0000000081e00000|  0%| F|  |TAMS 0x0000000081d00000, 0x0000000081d00000| Untracked 
|  12|0x0000000081e00000, 0x0000000081e00000, 0x0000000081f00000|  0%| F|  |TAMS 0x0000000081e00000, 0x0000000081e00000| Untracked 
|  13|0x0000000081f00000, 0x0000000081f00000, 0x0000000082000000|  0%| F|  |TAMS 0x0000000081f00000, 0x0000000081f00000| Untracked 
|  14|0x0000000082000000, 0x0000000082000000, 0x0000000082100000|  0%| F|  |TAMS 0x0000000082000000, 0x0000000082000000| Untracked 
|  15|0x0000000082100000, 0x0000000082100000, 0x0000000082200000|  0%| F|  |TAMS 0x0000000082100000, 0x0000000082100000| Untracked 
|  16|0x0000000082200000, 0x0000000082200000, 0x0000000082300000|  0%| F|  |TAMS 0x0000000082200000, 0x0000000082200000| Untracked 
|  17|0x0000000082300000, 0x0000000082300000, 0x0000000082400000|  0%| F|  |TAMS 0x0000000082300000, 0x0000000082300000| Untracked 
|  18|0x0000000082400000, 0x0000000082400000, 0x0000000082500000|  0%| F|  |TAMS 0x0000000082400000, 0x0000000082400000| Untracked 
|  19|0x0000000082500000, 0x0000000082500000, 0x0000000082600000|  0%| F|  |TAMS 0x0000000082500000, 0x0000000082500000| Untracked 
|  20|0x0000000082600000, 0x0000000082600000, 0x0000000082700000|  0%| F|  |TAMS 0x0000000082600000, 0x0000000082600000| Untracked 
|  21|0x0000000082700000, 0x0000000082700000, 0x0000000082800000|  0%| F|  |TAMS 0x0000000082700000, 0x0000000082700000| Untracked 
|  22|0x0000000082800000, 0x0000000082800000, 0x0000000082900000|  0%| F|  |TAMS 0x0000000082800000, 0x0000000082800000| Untracked 
|  23|0x0000000082900000, 0x0000000082900000, 0x0000000082a00000|  0%| F|  |TAMS 0x0000000082900000, 0x0000000082900000| Untracked 
|  24|0x0000000082a00000, 0x0000000082a00000, 0x0000000082b00000|  0%| F|  |TAMS 0x0000000082a00000, 0x0000000082a00000| Untracked 
|  25|0x0000000082b00000, 0x0000000082b00000, 0x0000000082c00000|  0%| F|  |TAMS 0x0000000082b00000, 0x0000000082b00000| Untracked 
|  26|0x0000000082c00000, 0x0000000082c00000, 0x0000000082d00000|  0%| F|  |TAMS 0x0000000082c00000, 0x0000000082c00000| Untracked 
|  27|0x0000000082d00000, 0x0000000082d00000, 0x0000000082e00000|  0%| F|  |TAMS 0x0000000082d00000, 0x0000000082d00000| Untracked 
|  28|0x0000000082e00000, 0x0000000082e00000, 0x0000000082f00000|  0%| F|  |TAMS 0x0000000082e00000, 0x0000000082e00000| Untracked 
|  29|0x0000000082f00000, 0x0000000082f00000, 0x0000000083000000|  0%| F|  |TAMS 0x0000000082f00000, 0x0000000082f00000| Untracked 
|  30|0x0000000083000000, 0x0000000083000000, 0x0000000083100000|  0%| F|  |TAMS 0x0000000083000000, 0x0000000083000000| Untracked 
|  31|0x0000000083100000, 0x0000000083100000, 0x0000000083200000|  0%| F|  |TAMS 0x0000000083100000, 0x0000000083100000| Untracked 
|  32|0x0000000083200000, 0x0000000083200000, 0x0000000083300000|  0%| F|  |TAMS 0x0000000083200000, 0x0000000083200000| Untracked 
|  33|0x0000000083300000, 0x0000000083300000, 0x0000000083400000|  0%| F|  |TAMS 0x0000000083300000, 0x0000000083300000| Untracked 
|  34|0x0000000083400000, 0x0000000083400000, 0x0000000083500000|  0%| F|  |TAMS 0x0000000083400000, 0x0000000083400000| Untracked 
|  35|0x0000000083500000, 0x0000000083500000, 0x0000000083600000|  0%| F|  |TAMS 0x0000000083500000, 0x0000000083500000| Untracked 
|  36|0x0000000083600000, 0x0000000083600000, 0x0000000083700000|  0%| F|  |TAMS 0x0000000083600000, 0x0000000083600000| Untracked 
|  37|0x0000000083700000, 0x0000000083700000, 0x0000000083800000|  0%| F|  |TAMS 0x0000000083700000, 0x0000000083700000| Untracked 
|  38|0x0000000083800000, 0x0000000083800000, 0x0000000083900000|  0%| F|  |TAMS 0x0000000083800000, 0x0000000083800000| Untracked 
|  39|0x0000000083900000, 0x0000000083900000, 0x0000000083a00000|  0%| F|  |TAMS 0x0000000083900000, 0x0000000083900000| Untracked 
|  40|0x0000000083a00000, 0x0000000083a00000, 0x0000000083b00000|  0%| F|  |TAMS 0x0000000083a00000, 0x0000000083a00000| Untracked 
|  41|0x0000000083b00000, 0x0000000083b00000, 0x0000000083c00000|  0%| F|  |TAMS 0x0000000083b00000, 0x0000000083b00000| Untracked 
|  42|0x0000000083c00000, 0x0000000083c00000, 0x0000000083d00000|  0%| F|  |TAMS 0x0000000083c00000, 0x0000000083c00000| Untracked 
|  43|0x0000000083d00000, 0x0000000083d00000, 0x0000000083e00000|  0%| F|  |TAMS 0x0000000083d00000, 0x0000000083d00000| Untracked 
|  44|0x0000000083e00000, 0x0000000083e00000, 0x0000000083f00000|  0%| F|  |TAMS 0x0000000083e00000, 0x0000000083e00000| Untracked 
|  45|0x0000000083f00000, 0x0000000083f00000, 0x0000000084000000|  0%| F|  |TAMS 0x0000000083f00000, 0x0000000083f00000| Untracked 
|  46|0x0000000084000000, 0x0000000084000000, 0x0000000084100000|  0%| F|  |TAMS 0x0000000084000000, 0x0000000084000000| Untracked 
|  47|0x0000000084100000, 0x0000000084100000, 0x0000000084200000|  0%| F|  |TAMS 0x0000000084100000, 0x0000000084100000| Untracked 
|  48|0x0000000084200000, 0x0000000084200000, 0x0000000084300000|  0%| F|  |TAMS 0x0000000084200000, 0x0000000084200000| Untracked 
|  49|0x0000000084300000, 0x0000000084300000, 0x0000000084400000|  0%| F|  |TAMS 0x0000000084300000, 0x0000000084300000| Untracked 
|  50|0x0000000084400000, 0x0000000084400000, 0x0000000084500000|  0%| F|  |TAMS 0x0000000084400000, 0x0000000084400000| Untracked 
|  51|0x0000000084500000, 0x0000000084500000, 0x0000000084600000|  0%| F|  |TAMS 0x0000000084500000, 0x0000000084500000| Untracked 
|  52|0x0000000084600000, 0x0000000084600000, 0x0000000084700000|  0%| F|  |TAMS 0x0000000084600000, 0x0000000084600000| Untracked 
|  53|0x0000000084700000, 0x0000000084700000, 0x0000000084800000|  0%| F|  |TAMS 0x0000000084700000, 0x0000000084700000| Untracked 
|  54|0x0000000084800000, 0x0000000084800000, 0x0000000084900000|  0%| F|  |TAMS 0x0000000084800000, 0x0000000084800000| Untracked 
|  55|0x0000000084900000, 0x0000000084900000, 0x0000000084a00000|  0%| F|  |TAMS 0x0000000084900000, 0x0000000084900000| Untracked 
|  56|0x0000000084a00000, 0x0000000084a00000, 0x0000000084b00000|  0%| F|  |TAMS 0x0000000084a00000, 0x0000000084a00000| Untracked 
|  57|0x0000000084b00000, 0x0000000084b00000, 0x0000000084c00000|  0%| F|  |TAMS 0x0000000084b00000, 0x0000000084b00000| Untracked 
|  58|0x0000000084c00000, 0x0000000084c00000, 0x0000000084d00000|  0%| F|  |TAMS 0x0000000084c00000, 0x0000000084c00000| Untracked 
|  59|0x0000000084d00000, 0x0000000084d00000, 0x0000000084e00000|  0%| F|  |TAMS 0x0000000084d00000, 0x0000000084d00000| Untracked 
|  60|0x0000000084e00000, 0x0000000084e00000, 0x0000000084f00000|  0%| F|  |TAMS 0x0000000084e00000, 0x0000000084e00000| Untracked 
|  61|0x0000000084f00000, 0x0000000084f00000, 0x0000000085000000|  0%| F|  |TAMS 0x0000000084f00000, 0x0000000084f00000| Untracked 
|  62|0x0000000085000000, 0x0000000085000000, 0x0000000085100000|  0%| F|  |TAMS 0x0000000085000000, 0x0000000085000000| Untracked 
|  63|0x0000000085100000, 0x0000000085100000, 0x0000000085200000|  0%| F|  |TAMS 0x0000000085100000, 0x0000000085100000| Untracked 
|  64|0x0000000085200000, 0x0000000085200000, 0x0000000085300000|  0%| F|  |TAMS 0x0000000085200000, 0x0000000085200000| Untracked 
|  65|0x0000000085300000, 0x0000000085300000, 0x0000000085400000|  0%| F|  |TAMS 0x0000000085300000, 0x0000000085300000| Untracked 
|  66|0x0000000085400000, 0x0000000085400000, 0x0000000085500000|  0%| F|  |TAMS 0x0000000085400000, 0x0000000085400000| Untracked 
|  67|0x0000000085500000, 0x0000000085500000, 0x0000000085600000|  0%| F|  |TAMS 0x0000000085500000, 0x0000000085500000| Untracked 
|  68|0x0000000085600000, 0x0000000085600000, 0x0000000085700000|  0%| F|  |TAMS 0x0000000085600000, 0x0000000085600000| Untracked 
|  69|0x0000000085700000, 0x0000000085700000, 0x0000000085800000|  0%| F|  |TAMS 0x0000000085700000, 0x0000000085700000| Untracked 
|  70|0x0000000085800000, 0x0000000085800000, 0x0000000085900000|  0%| F|  |TAMS 0x0000000085800000, 0x0000000085800000| Untracked 
|  71|0x0000000085900000, 0x0000000085900000, 0x0000000085a00000|  0%| F|  |TAMS 0x0000000085900000, 0x0000000085900000| Untracked 
|  72|0x0000000085a00000, 0x0000000085a00000, 0x0000000085b00000|  0%| F|  |TAMS 0x0000000085a00000, 0x0000000085a00000| Untracked 
|  73|0x0000000085b00000, 0x0000000085b00000, 0x0000000085c00000|  0%| F|  |TAMS 0x0000000085b00000, 0x0000000085b00000| Untracked 
|  74|0x0000000085c00000, 0x0000000085c00000, 0x0000000085d00000|  0%| F|  |TAMS 0x0000000085c00000, 0x0000000085c00000| Untracked 
|  75|0x0000000085d00000, 0x0000000085d00000, 0x0000000085e00000|  0%| F|  |TAMS 0x0000000085d00000, 0x0000000085d00000| Untracked 
|  76|0x0000000085e00000, 0x0000000085e00000, 0x0000000085f00000|  0%| F|  |TAMS 0x0000000085e00000, 0x0000000085e00000| Untracked 
|  77|0x0000000085f00000, 0x0000000085f00000, 0x0000000086000000|  0%| F|  |TAMS 0x0000000085f00000, 0x0000000085f00000| Untracked 
|  78|0x0000000086000000, 0x0000000086000000, 0x0000000086100000|  0%| F|  |TAMS 0x0000000086000000, 0x0000000086000000| Untracked 
|  79|0x0000000086100000, 0x0000000086100000, 0x0000000086200000|  0%| F|  |TAMS 0x0000000086100000, 0x0000000086100000| Untracked 
|  80|0x0000000086200000, 0x0000000086200000, 0x0000000086300000|  0%| F|  |TAMS 0x0000000086200000, 0x0000000086200000| Untracked 
|  81|0x0000000086300000, 0x0000000086300000, 0x0000000086400000|  0%| F|  |TAMS 0x0000000086300000, 0x0000000086300000| Untracked 
|  82|0x0000000086400000, 0x0000000086400000, 0x0000000086500000|  0%| F|  |TAMS 0x0000000086400000, 0x0000000086400000| Untracked 
|  83|0x0000000086500000, 0x0000000086500000, 0x0000000086600000|  0%| F|  |TAMS 0x0000000086500000, 0x0000000086500000| Untracked 
|  84|0x0000000086600000, 0x0000000086600000, 0x0000000086700000|  0%| F|  |TAMS 0x0000000086600000, 0x0000000086600000| Untracked 
|  85|0x0000000086700000, 0x0000000086700000, 0x0000000086800000|  0%| F|  |TAMS 0x0000000086700000, 0x0000000086700000| Untracked 
|  86|0x0000000086800000, 0x0000000086800000, 0x0000000086900000|  0%| F|  |TAMS 0x0000000086800000, 0x0000000086800000| Untracked 
|  87|0x0000000086900000, 0x0000000086900000, 0x0000000086a00000|  0%| F|  |TAMS 0x0000000086900000, 0x0000000086900000| Untracked 
|  88|0x0000000086a00000, 0x0000000086a00000, 0x0000000086b00000|  0%| F|  |TAMS 0x0000000086a00000, 0x0000000086a00000| Untracked 
|  89|0x0000000086b00000, 0x0000000086b00000, 0x0000000086c00000|  0%| F|  |TAMS 0x0000000086b00000, 0x0000000086b00000| Untracked 
|  90|0x0000000086c00000, 0x0000000086c00000, 0x0000000086d00000|  0%| F|  |TAMS 0x0000000086c00000, 0x0000000086c00000| Untracked 
|  91|0x0000000086d00000, 0x0000000086d00000, 0x0000000086e00000|  0%| F|  |TAMS 0x0000000086d00000, 0x0000000086d00000| Untracked 
|  92|0x0000000086e00000, 0x0000000086e00000, 0x0000000086f00000|  0%| F|  |TAMS 0x0000000086e00000, 0x0000000086e00000| Untracked 
|  93|0x0000000086f00000, 0x0000000086f00000, 0x0000000087000000|  0%| F|  |TAMS 0x0000000086f00000, 0x0000000086f00000| Untracked 
|  94|0x0000000087000000, 0x0000000087000000, 0x0000000087100000|  0%| F|  |TAMS 0x0000000087000000, 0x0000000087000000| Untracked 
|  95|0x0000000087100000, 0x0000000087100000, 0x0000000087200000|  0%| F|  |TAMS 0x0000000087100000, 0x0000000087100000| Untracked 
|  96|0x0000000087200000, 0x0000000087200000, 0x0000000087300000|  0%| F|  |TAMS 0x0000000087200000, 0x0000000087200000| Untracked 
|  97|0x0000000087300000, 0x0000000087300000, 0x0000000087400000|  0%| F|  |TAMS 0x0000000087300000, 0x0000000087300000| Untracked 
|  98|0x0000000087400000, 0x0000000087400000, 0x0000000087500000|  0%| F|  |TAMS 0x0000000087400000, 0x0000000087400000| Untracked 
|  99|0x0000000087500000, 0x0000000087500000, 0x0000000087600000|  0%| F|  |TAMS 0x0000000087500000, 0x0000000087500000| Untracked 
| 100|0x0000000087600000, 0x0000000087600000, 0x0000000087700000|  0%| F|  |TAMS 0x0000000087600000, 0x0000000087600000| Untracked 
| 101|0x0000000087700000, 0x0000000087700000, 0x0000000087800000|  0%| F|  |TAMS 0x0000000087700000, 0x0000000087700000| Untracked 
| 102|0x0000000087800000, 0x0000000087800000, 0x0000000087900000|  0%| F|  |TAMS 0x0000000087800000, 0x0000000087800000| Untracked 
| 103|0x0000000087900000, 0x0000000087900000, 0x0000000087a00000|  0%| F|  |TAMS 0x0000000087900000, 0x0000000087900000| Untracked 
| 104|0x0000000087a00000, 0x0000000087a00000, 0x0000000087b00000|  0%| F|  |TAMS 0x0000000087a00000, 0x0000000087a00000| Untracked 
| 105|0x0000000087b00000, 0x0000000087b00000, 0x0000000087c00000|  0%| F|  |TAMS 0x0000000087b00000, 0x0000000087b00000| Untracked 
| 106|0x0000000087c00000, 0x0000000087c00000, 0x0000000087d00000|  0%| F|  |TAMS 0x0000000087c00000, 0x0000000087c00000| Untracked 
| 107|0x0000000087d00000, 0x0000000087d00000, 0x0000000087e00000|  0%| F|  |TAMS 0x0000000087d00000, 0x0000000087d00000| Untracked 
| 108|0x0000000087e00000, 0x0000000087e00000, 0x0000000087f00000|  0%| F|  |TAMS 0x0000000087e00000, 0x0000000087e00000| Untracked 
| 109|0x0000000087f00000, 0x0000000087f00000, 0x0000000088000000|  0%| F|  |TAMS 0x0000000087f00000, 0x0000000087f00000| Untracked 
| 110|0x0000000088000000, 0x0000000088000000, 0x0000000088100000|  0%| F|  |TAMS 0x0000000088000000, 0x0000000088000000| Untracked 
| 111|0x0000000088100000, 0x0000000088100000, 0x0000000088200000|  0%| F|  |TAMS 0x0000000088100000, 0x0000000088100000| Untracked 
| 112|0x0000000088200000, 0x0000000088200000, 0x0000000088300000|  0%| F|  |TAMS 0x0000000088200000, 0x0000000088200000| Untracked 
| 113|0x0000000088300000, 0x0000000088300000, 0x0000000088400000|  0%| F|  |TAMS 0x0000000088300000, 0x0000000088300000| Untracked 
| 114|0x0000000088400000, 0x0000000088500000, 0x0000000088500000|100%| S|CS|TAMS 0x0000000088400000, 0x0000000088400000| Complete 
| 115|0x0000000088500000, 0x0000000088600000, 0x0000000088600000|100%| S|CS|TAMS 0x0000000088500000, 0x0000000088500000| Complete 
| 116|0x0000000088600000, 0x0000000088600000, 0x0000000088700000|  0%| F|  |TAMS 0x0000000088600000, 0x0000000088600000| Untracked 
| 117|0x0000000088700000, 0x0000000088700000, 0x0000000088800000|  0%| F|  |TAMS 0x0000000088700000, 0x0000000088700000| Untracked 
| 118|0x0000000088800000, 0x0000000088800000, 0x0000000088900000|  0%| F|  |TAMS 0x0000000088800000, 0x0000000088800000| Untracked 
| 119|0x0000000088900000, 0x0000000088900000, 0x0000000088a00000|  0%| F|  |TAMS 0x0000000088900000, 0x0000000088900000| Untracked 
| 120|0x0000000088a00000, 0x0000000088a00000, 0x0000000088b00000|  0%| F|  |TAMS 0x0000000088a00000, 0x0000000088a00000| Untracked 
| 121|0x0000000088b00000, 0x0000000088b00000, 0x0000000088c00000|  0%| F|  |TAMS 0x0000000088b00000, 0x0000000088b00000| Untracked 
| 122|0x0000000088c00000, 0x0000000088c00000, 0x0000000088d00000|  0%| F|  |TAMS 0x0000000088c00000, 0x0000000088c00000| Untracked 
| 123|0x0000000088d00000, 0x0000000088d00000, 0x0000000088e00000|  0%| F|  |TAMS 0x0000000088d00000, 0x0000000088d00000| Untracked 
| 124|0x0000000088e00000, 0x0000000088e00000, 0x0000000088f00000|  0%| F|  |TAMS 0x0000000088e00000, 0x0000000088e00000| Untracked 
| 125|0x0000000088f00000, 0x0000000088f00000, 0x0000000089000000|  0%| F|  |TAMS 0x0000000088f00000, 0x0000000088f00000| Untracked 
| 126|0x0000000089000000, 0x0000000089000000, 0x0000000089100000|  0%| F|  |TAMS 0x0000000089000000, 0x0000000089000000| Untracked 
| 127|0x0000000089100000, 0x0000000089100000, 0x0000000089200000|  0%| F|  |TAMS 0x0000000089100000, 0x0000000089100000| Untracked 

Card table byte_map: [0x0000013e60d90000,0x0000013e61190000] _byte_map_base: 0x0000013e60987000

Marking Bits (Prev, Next): (CMBitMap*) 0x0000013e47717dc8, (CMBitMap*) 0x0000013e47717e00
 Prev Bits: [0x0000013e61590000, 0x0000013e63548000)
 Next Bits: [0x0000013e63550000, 0x0000013e65508000)

Polling page: 0x0000013e477c0000

Metaspace:

Usage:
  Non-class:     10.70 MB capacity,    10.57 MB ( 99%) used,   113.10 KB (  1%) free+waste,    17.25 KB ( <1%) overhead. 
      Class:      1.27 MB capacity,     1.18 MB ( 93%) used,    87.68 KB (  7%) free+waste,     8.25 KB ( <1%) overhead. 
       Both:     11.97 MB capacity,    11.75 MB ( 98%) used,   200.78 KB (  2%) free+waste,    25.50 KB ( <1%) overhead. 

Virtual space:
  Non-class space:       20.00 MB reserved,      10.75 MB ( 54%) committed 
      Class space:        1.00 GB reserved,       1.38 MB ( <1%) committed 
             Both:        1.02 GB reserved,      12.13 MB (  1%) committed 

Chunk freelists:
   Non-Class:  6.50 KB
       Class:  1.25 KB
        Both:  7.75 KB

CodeHeap 'non-profiled nmethods': size=120064Kb used=277Kb max_used=277Kb free=119786Kb
 bounds [0x0000013e58e20000, 0x0000013e59090000, 0x0000013e60360000]
CodeHeap 'profiled nmethods': size=120000Kb used=1646Kb max_used=1646Kb free=118353Kb
 bounds [0x0000013e518f0000, 0x0000013e51b60000, 0x0000013e58e20000]
CodeHeap 'non-nmethods': size=5696Kb used=1091Kb max_used=1106Kb free=4604Kb
 bounds [0x0000013e51360000, 0x0000013e515d0000, 0x0000013e518f0000]
 total_blobs=1356 nmethods=953 adapters=315
 compilation: enabled
              stopped_count=0, restarted_count=0
 full_count=0

Compilation events (10 events):
Event: 2.947 Thread 0x0000013e67b7c000 nmethod 946 0x0000013e51a84110 code [0x0000013e51a84520, 0x0000013e51a85da8]
Event: 2.950 Thread 0x0000013e67b7c000  947       3       java.util.ArrayList$SubList::<init> (35 bytes)
Event: 2.951 Thread 0x0000013e67b7c000 nmethod 947 0x0000013e51a86610 code [0x0000013e51a867c0, 0x0000013e51a86a78]
Event: 2.951 Thread 0x0000013e67b7c000  948       3       java.util.ArrayList$SubList::toArray (79 bytes)
Event: 2.952 Thread 0x0000013e67b7c000 nmethod 948 0x0000013e51a86b90 code [0x0000013e51a86d80, 0x0000013e51a873e8]
Event: 2.955 Thread 0x0000013e67b73800  949       4       java.util.regex.Pattern$Branch::match (66 bytes)
Event: 2.958 Thread 0x0000013e67b73800 nmethod 949 0x0000013e58e65090 code [0x0000013e58e65220, 0x0000013e58e65378]
Event: 2.960 Thread 0x0000013e67b7c000  950       3       sun.security.ssl.SSLAlgorithmDecomposer::decompose (93 bytes)
Event: 2.962 Thread 0x0000013e67b7c000 nmethod 950 0x0000013e51a87590 code [0x0000013e51a877e0, 0x0000013e51a881d8]
Event: 2.973 Thread 0x0000013e67b7c000  951   !   3       java.lang.Class::getEnumConstantsShared (71 bytes)

GC Heap History (0 events):
No events

Deoptimization events (4 events):
Event: 0.446 Thread 0x0000013e476da000 Uncommon trap: reason=unstable_if action=reinterpret pc=0x0000013e58e24d00 method=java.lang.String.hashCode()I @ 14 c2
Event: 0.455 Thread 0x0000013e476da000 Uncommon trap: reason=unstable_if action=reinterpret pc=0x0000013e58e21390 method=java.lang.String.isLatin1()Z @ 10 c2
Event: 1.095 Thread 0x0000013e476da000 Uncommon trap: reason=unstable_if action=reinterpret pc=0x0000013e58e2a080 method=java.io.WinNTFileSystem.isSlash(C)Z @ 9 c2
Event: 2.576 Thread 0x0000013e476da000 Uncommon trap: reason=unstable_if action=reinterpret pc=0x0000013e58e36874 method=java.lang.String.startsWith(Ljava/lang/String;I)Z @ 1 c2

Classes redefined (0 events):
No events

Internal exceptions (10 events):
Event: 2.086 Thread 0x0000013e476da000 Exception <a 'java/lang/NoSuchMethodError'{0x0000000088b7b1c8}: java.lang.invoke.DirectMethodHandle$Holder.invokeSpecial(Ljava/lang/Object;Ljava/lang/Object;IILjava/lang/Object;Ljava/lang/Object;Ljava/lang/Object;)Ljava/lang/Object;> (0x0000000088b7b1c8) 
Event: 2.086 Thread 0x0000013e476da000 Exception <a 'java/lang/NoSuchMethodError'{0x0000000088b7e750}: java.lang.invoke.DelegatingMethodHandle$Holder.reinvoke_L(Ljava/lang/Object;IILjava/lang/Object;Ljava/lang/Object;Ljava/lang/Object;)Ljava/lang/Object;> (0x0000000088b7e750) thrown at [./open
Event: 2.088 Thread 0x0000013e476da000 Exception <a 'java/lang/NoSuchMethodError'{0x0000000088b82bd0}: java.lang.invoke.DirectMethodHandle$Holder.invokeStatic(Ljava/lang/Object;Ljava/lang/Object;Ljava/lang/Object;Ljava/lang/Object;I)Ljava/lang/Object;> (0x0000000088b82bd0) thrown at [./open/sr
Event: 2.715 Thread 0x0000013e476da000 Exception <a 'java/lang/NoSuchMethodError'{0x0000000088970b60}: java.lang.invoke.DirectMethodHandle$Holder.invokeStaticInit(Ljava/lang/Object;IIII)Ljava/lang/Object;> (0x0000000088970b60) thrown at [./open/src/hotspot/share/interpreter/linkResolver.cpp, l
Event: 2.718 Thread 0x0000013e476da000 Exception <a 'sun/nio/fs/WindowsException'{0x0000000088976e00}> (0x0000000088976e00) thrown at [./open/src/hotspot/share/prims/jni.cpp, line 611]
Event: 2.721 Thread 0x0000013e476da000 Exception <a 'java/lang/NoSuchMethodError'{0x0000000088978768}: java.lang.invoke.DirectMethodHandle$Holder.invokeSpecialIFC(Ljava/lang/Object;Ljava/lang/Object;I)I> (0x0000000088978768) thrown at [./open/src/hotspot/share/interpreter/linkResolver.cpp, lin
Event: 2.750 Thread 0x0000013e476da000 Exception <a 'java/lang/NoSuchMethodError'{0x00000000889a07a0}: java.lang.invoke.DirectMethodHandle$Holder.invokeStaticInit(Ljava/lang/Object;Ljava/lang/Object;Ljava/lang/Object;Ljava/lang/Object;)I> (0x00000000889a07a0) thrown at [./open/src/hotspot/shar
Event: 2.752 Thread 0x0000013e476da000 Exception <a 'java/lang/IncompatibleClassChangeError'{0x00000000889aa4c0}: Found class java.lang.Object, but interface was expected> (0x00000000889aa4c0) thrown at [./open/src/hotspot/share/interpreter/linkResolver.cpp, line 838]
Event: 2.753 Thread 0x0000013e476da000 Exception <a 'java/lang/NoSuchMethodError'{0x00000000889adb70}: java.lang.invoke.DirectMethodHandle$Holder.invokeStaticInit(Ljava/lang/Object;Ljava/lang/Object;)V> (0x00000000889adb70) thrown at [./open/src/hotspot/share/interpreter/linkResolver.cpp, line
Event: 2.756 Thread 0x0000013e476da000 Exception <a 'java/lang/NoSuchMethodError'{0x00000000889b3b30}: java.lang.invoke.DirectMethodHandle$Holder.invokeStaticInit(Ljava/lang/Object;Ljava/lang/Object;)I> (0x00000000889b3b30) thrown at [./open/src/hotspot/share/interpreter/linkResolver.cpp, line

Events (10 events):
Event: 2.797 loading class sun/security/util/ECKeySizeParameterSpec done
Event: 2.797 loading class java/security/spec/ECGenParameterSpec
Event: 2.797 loading class java/security/spec/NamedParameterSpec
Event: 2.797 loading class java/security/spec/NamedParameterSpec done
Event: 2.797 loading class java/security/spec/ECGenParameterSpec done
Event: 2.797 loading class java/security/KeyPairGenerator$Delegate
Event: 2.797 loading class java/security/KeyPairGenerator$Delegate done
Event: 2.845 Thread 0x0000013e68a9b800 Thread added: 0x0000013e68a9b800
Event: 2.891 loading class sun/security/ssl/SSLContextImpl$CustomizedSSLProtocols
Event: 2.892 loading class sun/security/ssl/SSLContextImpl$CustomizedSSLProtocols done


Dynamic libraries:
0x00007ff74a7a0000 - 0x00007ff74a7af000 	C:\Program Files\Java\jdk-11.0.11\bin\javaw.exe
0x00007ffc36890000 - 0x00007ffc36a85000 	C:\WINDOWS\SYSTEM32\ntdll.dll
0x00007ffc360e0000 - 0x00007ffc3619e000 	C:\WINDOWS\System32\KERNEL32.DLL
0x00007ffc34250000 - 0x00007ffc34518000 	C:\WINDOWS\System32\KERNELBASE.dll
0x00007ffc340a0000 - 0x00007ffc341a0000 	C:\WINDOWS\System32\ucrtbase.dll
0x00007ffc19750000 - 0x00007ffc19768000 	C:\Program Files\Java\jdk-11.0.11\bin\jli.dll
0x00007ffc349d0000 - 0x00007ffc34a7c000 	C:\WINDOWS\System32\ADVAPI32.dll
0x00007ffc34e80000 - 0x00007ffc34f1e000 	C:\WINDOWS\System32\msvcrt.dll
0x00007ffc34de0000 - 0x00007ffc34e7b000 	C:\WINDOWS\System32\sechost.dll
0x00007ffc35bd0000 - 0x00007ffc35cfa000 	C:\WINDOWS\System32\RPCRT4.dll
0x00007ffc36630000 - 0x00007ffc367d1000 	C:\WINDOWS\System32\USER32.dll
0x00007ffc34680000 - 0x00007ffc346a2000 	C:\WINDOWS\System32\win32u.dll
0x00007ffc36600000 - 0x00007ffc3662b000 	C:\WINDOWS\System32\GDI32.dll
0x00007ffc346b0000 - 0x00007ffc347bb000 	C:\WINDOWS\System32\gdi32full.dll
0x00007ffc34930000 - 0x00007ffc349cd000 	C:\WINDOWS\System32\msvcp_win.dll
0x00007ffc19770000 - 0x00007ffc19785000 	C:\Program Files\Java\jdk-11.0.11\bin\VCRUNTIME140.dll
0x00007ffc194b0000 - 0x00007ffc1974a000 	C:\WINDOWS\WinSxS\amd64_microsoft.windows.common-controls_6595b64144ccf1df_6.0.19041.1110_none_60b5254171f9507e\COMCTL32.dll
0x00007ffc2c170000 - 0x00007ffc2c17a000 	C:\WINDOWS\SYSTEM32\VERSION.dll
0x00007ffc35d70000 - 0x00007ffc35da0000 	C:\WINDOWS\System32\IMM32.DLL
0x00007ffc193c0000 - 0x00007ffc1945b000 	C:\Program Files\Java\jdk-11.0.11\bin\msvcp140.dll
0x00007ffc188c0000 - 0x00007ffc193be000 	C:\Program Files\Java\jdk-11.0.11\bin\server\jvm.dll
0x00007ffc35d00000 - 0x00007ffc35d08000 	C:\WINDOWS\System32\PSAPI.DLL
0x00007ffc1c420000 - 0x00007ffc1c429000 	C:\WINDOWS\SYSTEM32\WSOCK32.dll
0x00007ffc367e0000 - 0x00007ffc3684b000 	C:\WINDOWS\System32\WS2_32.dll
0x00007ffc18890000 - 0x00007ffc188b7000 	C:\WINDOWS\SYSTEM32\WINMM.dll
0x00007ffc31f60000 - 0x00007ffc31f72000 	C:\WINDOWS\SYSTEM32\kernel.appcore.dll
0x00007ffc180e0000 - 0x00007ffc180f0000 	C:\Program Files\Java\jdk-11.0.11\bin\verify.dll
0x00007ffc1b900000 - 0x00007ffc1bae4000 	C:\WINDOWS\SYSTEM32\DBGHELP.DLL
0x00007ffc1c2e0000 - 0x00007ffc1c30c000 	C:\WINDOWS\SYSTEM32\dbgcore.DLL
0x00007ffc347c0000 - 0x00007ffc34843000 	C:\WINDOWS\System32\bcryptPrimitives.dll
0x00007ffc180b0000 - 0x00007ffc180d8000 	C:\Program Files\Java\jdk-11.0.11\bin\java.dll
0x00007ffc180a0000 - 0x00007ffc180aa000 	C:\Program Files\Java\jdk-11.0.11\bin\jimage.dll
0x00007ffc18080000 - 0x00007ffc18096000 	C:\Program Files\Java\jdk-11.0.11\bin\zip.dll
0x00007ffc353a0000 - 0x00007ffc35adf000 	C:\WINDOWS\System32\SHELL32.dll
0x00007ffc32160000 - 0x00007ffc328f0000 	C:\WINDOWS\SYSTEM32\windows.storage.dll
0x00007ffc34a80000 - 0x00007ffc34dd5000 	C:\WINDOWS\System32\combase.dll
0x00007ffc33a80000 - 0x00007ffc33aae000 	C:\WINDOWS\SYSTEM32\Wldp.dll
0x00007ffc36430000 - 0x00007ffc364dd000 	C:\WINDOWS\System32\SHCORE.dll
0x00007ffc35fc0000 - 0x00007ffc36015000 	C:\WINDOWS\System32\shlwapi.dll
0x00007ffc33fe0000 - 0x00007ffc33fff000 	C:\WINDOWS\SYSTEM32\profapi.dll
0x00007ffc18860000 - 0x00007ffc18879000 	C:\Program Files\Java\jdk-11.0.11\bin\net.dll
0x00007ffc28740000 - 0x00007ffc2884c000 	C:\WINDOWS\SYSTEM32\WINHTTP.dll
0x00007ffc337d0000 - 0x00007ffc3383a000 	C:\WINDOWS\system32\mswsock.dll
0x00007ffc18840000 - 0x00007ffc18852000 	C:\Program Files\Java\jdk-11.0.11\bin\nio.dll
0x00007ffc33560000 - 0x00007ffc3362b000 	C:\WINDOWS\SYSTEM32\DNSAPI.dll
0x00007ffc334d0000 - 0x00007ffc3350b000 	C:\WINDOWS\SYSTEM32\IPHLPAPI.DLL
0x00007ffc35e00000 - 0x00007ffc35e08000 	C:\WINDOWS\System32\NSI.dll
0x00007ffc279b0000 - 0x00007ffc279ba000 	C:\Windows\System32\rasadhlp.dll
0x00007ffc28650000 - 0x00007ffc286cf000 	C:\WINDOWS\System32\fwpuclnt.dll
0x00007ffc34850000 - 0x00007ffc34877000 	C:\WINDOWS\System32\bcrypt.dll
0x00007ffc18740000 - 0x00007ffc18765000 	C:\Program Files\Java\jdk-11.0.11\bin\sunec.dll

dbghelp: loaded successfully - version: 4.0.5 - missing functions: none
symbol engine: initialized successfully - sym options: 0x614 - pdb path: .;C:\Program Files\Java\jdk-11.0.11\bin;C:\WINDOWS\SYSTEM32;C:\WINDOWS\WinSxS\amd64_microsoft.windows.common-controls_6595b64144ccf1df_6.0.19041.1110_none_60b5254171f9507e;C:\Program Files\Java\jdk-11.0.11\bin\server

VM Arguments:
jvm_args: -ea -Dfile.encoding=Cp1252 
java_command: org.testng.remote.RemoteTestNG -serport 49704 -protocol json -d C:\Users\paramdeep\git\eyenus_BroadBand\eyenus\test-output C:\Users\PARAMD~1\AppData\Local\Temp\testng-eclipse--1768025868\testng-customsuite.xml
java_class_path (initial): C:\Users\paramdeep\eclipse\java-2021-03\eclipse\configuration\org.eclipse.osgi\442\0\.cp\lib\testng-remote.jar;C:\Users\paramdeep\git\eyenus_BroadBand\eyenus\target\test-classes;C:\Users\paramdeep\git\eyenus_BroadBand\eyenus\target\classes;C:\Users\paramdeep\.m2\repository\junit\junit\3.8.1\junit-3.8.1.jar;C:\Users\paramdeep\.m2\repository\org\seleniumhq\selenium\selenium-java\3.141.59\selenium-java-3.141.59.jar;C:\Users\paramdeep\.m2\repository\org\seleniumhq\selenium\selenium-api\3.141.59\selenium-api-3.141.59.jar;C:\Users\paramdeep\.m2\repository\org\seleniumhq\selenium\selenium-chrome-driver\3.141.59\selenium-chrome-driver-3.141.59.jar;C:\Users\paramdeep\.m2\repository\org\seleniumhq\selenium\selenium-edge-driver\3.141.59\selenium-edge-driver-3.141.59.jar;C:\Users\paramdeep\.m2\repository\org\seleniumhq\selenium\selenium-firefox-driver\3.141.59\selenium-firefox-driver-3.141.59.jar;C:\Users\paramdeep\.m2\repository\org\seleniumhq\selenium\selenium-ie-driver\3.141.59\selenium-ie-driver-3.141.59.jar;C:\Users\paramdeep\.m2\repository\org\seleniumhq\selenium\selenium-opera-driver\3.141.59\selenium-opera-driver-3.141.59.jar;C:\Users\paramdeep\.m2\repository\org\seleniumhq\selenium\selenium-remote-driver\3.141.59\selenium-remote-driver-3.141.59.jar;C:\Users\paramdeep\.m2\repository\org\seleniumhq\selenium\selenium-safari-driver\3.141.59\selenium-safari-driver-3.141.59.jar;C:\Users\paramdeep\.m2\repository\org\seleniumhq\selenium\selenium-support\3.141.59\selenium-support-3.141.59.jar;C:\Users\paramdeep\.m2\repository\net\bytebuddy\byte-buddy\1.8.15\byte-buddy-1.8.15.jar;C:\Users\paramdeep\.m2\repository\org\apache\commons\commons-exec\1.3\commons-exec-1.3.jar;C:\Users\paramdeep\.m2\repository\com\google\guava\guava\25.0-jre\guava-25.0-jre.jar;C:\Users\paramdeep\.m2\repository\com\google\code\findbugs\jsr305\1.3.9\jsr305-1.3.9.jar;C:\Users\paramdeep\.m2\repository\org\checkerframework\checker-compat-qual\2.0.0\checker-compat-qual-2.0.0.jar;C
Launcher Type: SUN_STANDARD

[Global flags]
     intx CICompilerCount                          = 3                                         {product} {ergonomic}
     uint ConcGCThreads                            = 1                                         {product} {ergonomic}
     uint G1ConcRefinementThreads                  = 4                                         {product} {ergonomic}
   size_t G1HeapRegionSize                         = 1048576                                   {product} {ergonomic}
    uintx GCDrainStackTargetSize                   = 64                                        {product} {ergonomic}
   size_t InitialHeapSize                          = 134217728                                 {product} {ergonomic}
   size_t MarkStackSize                            = 4194304                                   {product} {ergonomic}
   size_t MaxHeapSize                              = 2128609280                                {product} {ergonomic}
   size_t MaxNewSize                               = 1277165568                                {product} {ergonomic}
   size_t MinHeapDeltaBytes                        = 1048576                                   {product} {ergonomic}
    uintx NonNMethodCodeHeapSize                   = 5830732                                {pd product} {ergonomic}
    uintx NonProfiledCodeHeapSize                  = 122913754                              {pd product} {ergonomic}
    uintx ProfiledCodeHeapSize                     = 122913754                              {pd product} {ergonomic}
    uintx ReservedCodeCacheSize                    = 251658240                              {pd product} {ergonomic}
     bool SegmentedCodeCache                       = true                                      {product} {ergonomic}
     bool UseCompressedClassPointers               = true                                 {lp64_product} {ergonomic}
     bool UseCompressedOops                        = true                                 {lp64_product} {ergonomic}
     bool UseG1GC                                  = true                                      {product} {ergonomic}
     bool UseLargePagesIndividualAllocation        = false                                  {pd product} {ergonomic}

Logging:
Log output configuration:
 #0: stdout all=warning uptime,level,tags
 #1: stderr all=off uptime,level,tags

Environment Variables:
JAVA_HOME=C:\Program Files\Java\jdk-11.0.11
PATH=C:\WINDOWS\system32;C:\WINDOWS;C:\WINDOWS\System32\Wbem;C:\WINDOWS\System32\WindowsPowerShell\v1.0\;C:\WINDOWS\System32\OpenSSH\;C:\Program Files\Git\cmd;C:\Program Files\Java\jdk-11.0.11\bin;C:\Program Files\nodejs\;C:\Users\paramdeep\AppData\Local\Android\Sdk\tools\bin;C:\Users\paramdeep\AppData\Local\Android\Sdk\tools;C:\Users\paramdeep\AppData\Local\Android\Sdk\platform-tools;C:\Program Files\nodejs\node_modules\npm\bin;C:\Users\paramdeep\AppData\Local\Microsoft\WindowsApps;C:\Users\paramdeep\AppData\Roaming\npm
USERNAME=paramdeep
OS=Windows_NT
PROCESSOR_IDENTIFIER=Intel64 Family 6 Model 61 Stepping 4, GenuineIntel



---------------  S Y S T E M  ---------------

OS: Windows 10 , 64 bit Build 19041 (10.0.19041.1348)

CPU:total 4 (initial active 4) (2 cores per cpu, 2 threads per core) family 6 model 61 stepping 4 microcode 0x2d, cmov, cx8, fxsr, mmx, sse, sse2, sse3, ssse3, sse4.1, sse4.2, popcnt, avx, avx2, aes, clmul, erms, 3dnowpref, lzcnt, ht, tsc, tscinvbit, bmi1, bmi2, adx, fma

Memory: 4k page, system-wide physical 8112M (604M free)
TotalPageFile size 32688M (AvailPageFile size 0M)
current process WorkingSet (physical memory assigned to process): 65M, peak: 65M
current process commit charge ("private bytes"): 212M, peak: 213M

vm_info: Java HotSpot(TM) 64-Bit Server VM (11.0.11+9-LTS-194) for windows-amd64 JRE (11.0.11+9-LTS-194), built on Mar 18 2021 18:46:53 by "mach5one" with MS VC++ 15.9 (VS2017)

END.
